The system is: Darwin - 21.6.0 - x86_64
Compiling the C compiler identification source file "CMakeCCompilerId.c" succeeded.
Compiler: /usr/local/Cellar/gcc/13.2.0/bin/gcc-13 
Build flags: 
Id flags:  

The output was:
0


Compilation of the C compiler identification source "CMakeCCompilerId.c" produced "a.out"

The C compiler identification is GNU, found in "/Users/miguellopez/Desktop/UNIVERSIDAD/Projects/HPC-projects/openMp/cmake-build-openmp/CMakeFiles/3.25.2/CompilerIdC/a.out"

Detecting C compiler ABI info compiled with the following output:
Change Dir: /Users/miguellopez/Desktop/UNIVERSIDAD/Projects/HPC-projects/openMp/cmake-build-openmp/CMakeFiles/CMakeScratch/TryCompile-fbc1jW

Run Build Command(s):/Users/miguellopez/Applications/CLion.app/Contents/bin/ninja/mac/ninja cmTC_d6e91 && [1/2] Building C object CMakeFiles/cmTC_d6e91.dir/CMakeCCompilerABI.c.o
Using built-in specs.
COLLECT_GCC=/usr/local/Cellar/gcc/13.2.0/bin/gcc-13
Target: x86_64-apple-darwin21
Configured with: ../configure --prefix=/usr/local/opt/gcc --libdir=/usr/local/opt/gcc/lib/gcc/current --disable-nls --enable-checking=release --with-gcc-major-version-only --enable-languages=c,c++,objc,obj-c++,fortran --program-suffix=-13 --with-gmp=/usr/local/opt/gmp --with-mpfr=/usr/local/opt/mpfr --with-mpc=/usr/local/opt/libmpc --with-isl=/usr/local/opt/isl --with-zstd=/usr/local/opt/zstd --with-pkgversion='Homebrew GCC 13.2.0' --with-bugurl=https://github.com/Homebrew/homebrew-core/issues --with-system-zlib --build=x86_64-apple-darwin21 --with-sysroot=/Library/Developer/CommandLineTools/SDKs/MacOSX12.sdk
Thread model: posix
Supported LTO compression algorithms: zlib zstd
gcc version 13.2.0 (Homebrew GCC 13.2.0) 
COLLECT_GCC_OPTIONS='-fdiagnostics-color=always' '-isysroot' '/Applications/Xcode.app/Contents/Developer/Platforms/MacOSX.platform/Developer/SDKs/MacOSX13.1.sdk' '-v' '-o' 'CMakeFiles/cmTC_d6e91.dir/CMakeCCompilerABI.c.o' '-c' '-mmacosx-version-min=12.7' '-asm_macosx_version_min=12.7' '-nodefaultexport' '-mtune=core2' '-dumpdir' 'CMakeFiles/cmTC_d6e91.dir/'
 /usr/local/Cellar/gcc/13.2.0/bin/../libexec/gcc/x86_64-apple-darwin21/13/cc1 -quiet -v -iprefix /usr/local/Cellar/gcc/13.2.0/bin/../lib/gcc/current/gcc/x86_64-apple-darwin21/13/ -D__DYNAMIC__ -isysroot /Applications/Xcode.app/Contents/Developer/Platforms/MacOSX.platform/Developer/SDKs/MacOSX13.1.sdk /Users/miguellopez/Applications/CLion.app/Contents/bin/cmake/mac/share/cmake-3.25/Modules/CMakeCCompilerABI.c -fPIC -quiet -dumpdir CMakeFiles/cmTC_d6e91.dir/ -dumpbase CMakeCCompilerABI.c.c -dumpbase-ext .c -mmacosx-version-min=12.7 -mtune=core2 -version -fdiagnostics-color=always -o /var/folders/yw/sypy09z15nd8bnxtzd443tcc0000gn/T//ccMSyoEz.s
GNU C17 (Homebrew GCC 13.2.0) version 13.2.0 (x86_64-apple-darwin21)
	compiled by GNU C version 13.2.0, GMP version 6.2.1, MPFR version 4.2.0-p12, MPC version 1.3.1, isl version isl-0.26-GMP

GGC heuristics: --param ggc-min-expand=100 --param ggc-min-heapsize=131072
ignoring nonexistent directory "/usr/local/Cellar/gcc/13.2.0/bin/../lib/gcc/current/gcc/x86_64-apple-darwin21/13/../../../../../../x86_64-apple-darwin21/include"
ignoring duplicate directory "/usr/local/Cellar/gcc/13.2.0/bin/../lib/gcc/current/gcc/../../../../lib/gcc/current/gcc/x86_64-apple-darwin21/13/include"
ignoring nonexistent directory "/Applications/Xcode.app/Contents/Developer/Platforms/MacOSX.platform/Developer/SDKs/MacOSX13.1.sdk/usr/local/include"
ignoring duplicate directory "/usr/local/Cellar/gcc/13.2.0/bin/../lib/gcc/current/gcc/../../../../lib/gcc/current/gcc/x86_64-apple-darwin21/13/include-fixed"
ignoring nonexistent directory "/usr/local/Cellar/gcc/13.2.0/bin/../lib/gcc/current/gcc/../../../../lib/gcc/current/gcc/x86_64-apple-darwin21/13/../../../../../../x86_64-apple-darwin21/include"
ignoring nonexistent directory "/Applications/Xcode.app/Contents/Developer/Platforms/MacOSX.platform/Developer/SDKs/MacOSX13.1.sdk/Library/Frameworks"
#include "..." search starts here:
#include <...> search starts here:
 /usr/local/Cellar/gcc/13.2.0/bin/../lib/gcc/current/gcc/x86_64-apple-darwin21/13/include
 /usr/local/Cellar/gcc/13.2.0/bin/../lib/gcc/current/gcc/x86_64-apple-darwin21/13/include-fixed
 /Applications/Xcode.app/Contents/Developer/Platforms/MacOSX.platform/Developer/SDKs/MacOSX13.1.sdk/usr/include
 /Applications/Xcode.app/Contents/Developer/Platforms/MacOSX.platform/Developer/SDKs/MacOSX13.1.sdk/System/Library/Frameworks
End of search list.
Compiler executable checksum: b5dd8975280dadeaaf579a9e57b341fa
COLLECT_GCC_OPTIONS='-fdiagnostics-color=always' '-isysroot' '/Applications/Xcode.app/Contents/Developer/Platforms/MacOSX.platform/Developer/SDKs/MacOSX13.1.sdk' '-v' '-o' 'CMakeFiles/cmTC_d6e91.dir/CMakeCCompilerABI.c.o' '-c' '-mmacosx-version-min=12.7'  '-nodefaultexport' '-mtune=core2' '-dumpdir' 'CMakeFiles/cmTC_d6e91.dir/'
 as -arch x86_64 -v -mmacosx-version-min=12.7 -mllvm -x86-pad-for-align=false -force_cpusubtype_ALL -o CMakeFiles/cmTC_d6e91.dir/CMakeCCompilerABI.c.o /var/folders/yw/sypy09z15nd8bnxtzd443tcc0000gn/T//ccMSyoEz.s
Apple clang version 14.0.0 (clang-1400.0.29.202)
Target: x86_64-apple-darwin21.6.0
Thread model: posix
InstalledDir: /Applications/Xcode.app/Contents/Developer/Toolchains/XcodeDefault.xctoolchain/usr/bin
 "/Applications/Xcode.app/Contents/Developer/Toolchains/XcodeDefault.xctoolchain/usr/bin/clang" -cc1as -triple x86_64-apple-macosx12.7.0 -filetype obj -main-file-name ccMSyoEz.s -target-cpu penryn -fdebug-compilation-dir=/Users/miguellopez/Desktop/UNIVERSIDAD/Projects/HPC-projects/openMp/cmake-build-openmp/CMakeFiles/CMakeScratch/TryCompile-fbc1jW -dwarf-debug-producer "Apple clang version 14.0.0 (clang-1400.0.29.202)" -dwarf-version=4 -mrelocation-model pic --mrelax-relocations -mllvm -x86-pad-for-align=false -mllvm -disable-aligned-alloc-awareness=1 -o CMakeFiles/cmTC_d6e91.dir/CMakeCCompilerABI.c.o /var/folders/yw/sypy09z15nd8bnxtzd443tcc0000gn/T//ccMSyoEz.s
COMPILER_PATH=/usr/local/Cellar/gcc/13.2.0/bin/../libexec/gcc/x86_64-apple-darwin21/13/:/usr/local/Cellar/gcc/13.2.0/bin/../libexec/gcc/
LIBRARY_PATH=/usr/local/Cellar/gcc/13.2.0/bin/../lib/gcc/current/gcc/x86_64-apple-darwin21/13/:/usr/local/Cellar/gcc/13.2.0/bin/../lib/gcc/current/gcc/:/usr/local/Cellar/gcc/13.2.0/bin/../lib/gcc/current/gcc/x86_64-apple-darwin21/13/../../../
COLLECT_GCC_OPTIONS='-fdiagnostics-color=always' '-isysroot' '/Applications/Xcode.app/Contents/Developer/Platforms/MacOSX.platform/Developer/SDKs/MacOSX13.1.sdk' '-v' '-o' 'CMakeFiles/cmTC_d6e91.dir/CMakeCCompilerABI.c.o' '-c' '-mmacosx-version-min=12.7'  '-nodefaultexport' '-mtune=core2' '-dumpdir' 'CMakeFiles/cmTC_d6e91.dir/CMakeCCompilerABI.c.'
[2/2] Linking C executable cmTC_d6e91
Using built-in specs.
COLLECT_GCC=/usr/local/Cellar/gcc/13.2.0/bin/gcc-13
COLLECT_LTO_WRAPPER=/usr/local/Cellar/gcc/13.2.0/bin/../libexec/gcc/x86_64-apple-darwin21/13/lto-wrapper
Target: x86_64-apple-darwin21
Configured with: ../configure --prefix=/usr/local/opt/gcc --libdir=/usr/local/opt/gcc/lib/gcc/current --disable-nls --enable-checking=release --with-gcc-major-version-only --enable-languages=c,c++,objc,obj-c++,fortran --program-suffix=-13 --with-gmp=/usr/local/opt/gmp --with-mpfr=/usr/local/opt/mpfr --with-mpc=/usr/local/opt/libmpc --with-isl=/usr/local/opt/isl --with-zstd=/usr/local/opt/zstd --with-pkgversion='Homebrew GCC 13.2.0' --with-bugurl=https://github.com/Homebrew/homebrew-core/issues --with-system-zlib --build=x86_64-apple-darwin21 --with-sysroot=/Library/Developer/CommandLineTools/SDKs/MacOSX12.sdk
Thread model: posix
Supported LTO compression algorithms: zlib zstd
gcc version 13.2.0 (Homebrew GCC 13.2.0) 
COMPILER_PATH=/usr/local/Cellar/gcc/13.2.0/bin/../libexec/gcc/x86_64-apple-darwin21/13/:/usr/local/Cellar/gcc/13.2.0/bin/../libexec/gcc/
LIBRARY_PATH=/usr/local/Cellar/gcc/13.2.0/bin/../lib/gcc/current/gcc/x86_64-apple-darwin21/13/:/usr/local/Cellar/gcc/13.2.0/bin/../lib/gcc/current/gcc/:/usr/local/Cellar/gcc/13.2.0/bin/../lib/gcc/current/gcc/x86_64-apple-darwin21/13/../../../
COLLECT_GCC_OPTIONS='-isysroot' '/Applications/Xcode.app/Contents/Developer/Platforms/MacOSX.platform/Developer/SDKs/MacOSX13.1.sdk' '-v' '-o' 'cmTC_d6e91' '-mmacosx-version-min=12.7' '-asm_macosx_version_min=12.7' '-nodefaultexport' '-mtune=core2' '-dumpdir' 'cmTC_d6e91.'
 /usr/local/Cellar/gcc/13.2.0/bin/../libexec/gcc/x86_64-apple-darwin21/13/collect2 -dynamic -arch x86_64 -syslibroot /Applications/Xcode.app/Contents/Developer/Platforms/MacOSX.platform/Developer/SDKs/MacOSX13.1.sdk -platform_version macos 12.7 0.0 -o cmTC_d6e91 -L/usr/local/Cellar/gcc/13.2.0/bin/../lib/gcc/current/gcc/x86_64-apple-darwin21/13 -L/usr/local/Cellar/gcc/13.2.0/bin/../lib/gcc/current/gcc -L/usr/local/Cellar/gcc/13.2.0/bin/../lib/gcc/current/gcc/x86_64-apple-darwin21/13/../../.. -search_paths_first -headerpad_max_install_names -v CMakeFiles/cmTC_d6e91.dir/CMakeCCompilerABI.c.o -lemutls_w -lgcc -lSystem -no_compact_unwind -rpath @loader_path -rpath /usr/local/Cellar/gcc/13.2.0/lib/gcc/current/gcc/x86_64-apple-darwin21/13 -rpath /usr/local/Cellar/gcc/13.2.0/lib/gcc/current/gcc -rpath /usr/local/Cellar/gcc/13.2.0/lib/gcc/current
collect2 version 13.2.0
/usr/bin/ld -dynamic -arch x86_64 -syslibroot /Applications/Xcode.app/Contents/Developer/Platforms/MacOSX.platform/Developer/SDKs/MacOSX13.1.sdk -platform_version macos 12.7 0.0 -o cmTC_d6e91 -L/usr/local/Cellar/gcc/13.2.0/bin/../lib/gcc/current/gcc/x86_64-apple-darwin21/13 -L/usr/local/Cellar/gcc/13.2.0/bin/../lib/gcc/current/gcc -L/usr/local/Cellar/gcc/13.2.0/bin/../lib/gcc/current/gcc/x86_64-apple-darwin21/13/../../.. -search_paths_first -headerpad_max_install_names -v CMakeFiles/cmTC_d6e91.dir/CMakeCCompilerABI.c.o -lemutls_w -lgcc -lSystem -no_compact_unwind -rpath @loader_path -rpath /usr/local/Cellar/gcc/13.2.0/lib/gcc/current/gcc/x86_64-apple-darwin21/13 -rpath /usr/local/Cellar/gcc/13.2.0/lib/gcc/current/gcc -rpath /usr/local/Cellar/gcc/13.2.0/lib/gcc/current
@(#)PROGRAM:ld  PROJECT:ld64-820.1
BUILD 20:07:01 Nov  7 2022
configured to support archs: armv6 armv7 armv7s arm64 arm64e arm64_32 i386 x86_64 x86_64h armv6m armv7k armv7m armv7em
Library search paths:
	/usr/local/Cellar/gcc/13.2.0/lib/gcc/current/gcc/x86_64-apple-darwin21/13
	/usr/local/Cellar/gcc/13.2.0/lib/gcc/current/gcc
	/usr/local/Cellar/gcc/13.2.0/lib/gcc/current
	/Applications/Xcode.app/Contents/Developer/Platforms/MacOSX.platform/Developer/SDKs/MacOSX13.1.sdk/usr/lib
Framework search paths:
	/Applications/Xcode.app/Contents/Developer/Platforms/MacOSX.platform/Developer/SDKs/MacOSX13.1.sdk/System/Library/Frameworks/



Parsed C implicit include dir info from above output: rv=done
  found start of include info
  found start of implicit include info
    add: [/usr/local/Cellar/gcc/13.2.0/bin/../lib/gcc/current/gcc/x86_64-apple-darwin21/13/include]
    add: [/usr/local/Cellar/gcc/13.2.0/bin/../lib/gcc/current/gcc/x86_64-apple-darwin21/13/include-fixed]
    add: [/Applications/Xcode.app/Contents/Developer/Platforms/MacOSX.platform/Developer/SDKs/MacOSX13.1.sdk/usr/include]
    add: [/Applications/Xcode.app/Contents/Developer/Platforms/MacOSX.platform/Developer/SDKs/MacOSX13.1.sdk/System/Library/Frameworks]
  end of search list found
  collapse include dir [/usr/local/Cellar/gcc/13.2.0/bin/../lib/gcc/current/gcc/x86_64-apple-darwin21/13/include] ==> [/usr/local/Cellar/gcc/13.2.0/lib/gcc/current/gcc/x86_64-apple-darwin21/13/include]
  collapse include dir [/usr/local/Cellar/gcc/13.2.0/bin/../lib/gcc/current/gcc/x86_64-apple-darwin21/13/include-fixed] ==> [/usr/local/Cellar/gcc/13.2.0/lib/gcc/current/gcc/x86_64-apple-darwin21/13/include-fixed]
  collapse include dir [/Applications/Xcode.app/Contents/Developer/Platforms/MacOSX.platform/Developer/SDKs/MacOSX13.1.sdk/usr/include] ==> [/Applications/Xcode.app/Contents/Developer/Platforms/MacOSX.platform/Developer/SDKs/MacOSX13.1.sdk/usr/include]
  collapse include dir [/Applications/Xcode.app/Contents/Developer/Platforms/MacOSX.platform/Developer/SDKs/MacOSX13.1.sdk/System/Library/Frameworks] ==> [/Applications/Xcode.app/Contents/Developer/Platforms/MacOSX.platform/Developer/SDKs/MacOSX13.1.sdk/System/Library/Frameworks]
  implicit include dirs: [/usr/local/Cellar/gcc/13.2.0/lib/gcc/current/gcc/x86_64-apple-darwin21/13/include;/usr/local/Cellar/gcc/13.2.0/lib/gcc/current/gcc/x86_64-apple-darwin21/13/include-fixed;/Applications/Xcode.app/Contents/Developer/Platforms/MacOSX.platform/Developer/SDKs/MacOSX13.1.sdk/usr/include;/Applications/Xcode.app/Contents/Developer/Platforms/MacOSX.platform/Developer/SDKs/MacOSX13.1.sdk/System/Library/Frameworks]


Parsed C implicit link information from above output:
  link line regex: [^( *|.*[/\])(ld|CMAKE_LINK_STARTFILE-NOTFOUND|([^/\]+-)?ld|collect2)[^/\]*( |$)]
  ignore line: [Change Dir: /Users/miguellopez/Desktop/UNIVERSIDAD/Projects/HPC-projects/openMp/cmake-build-openmp/CMakeFiles/CMakeScratch/TryCompile-fbc1jW]
  ignore line: []
  ignore line: [Run Build Command(s):/Users/miguellopez/Applications/CLion.app/Contents/bin/ninja/mac/ninja cmTC_d6e91 && [1/2] Building C object CMakeFiles/cmTC_d6e91.dir/CMakeCCompilerABI.c.o]
  ignore line: [Using built-in specs.]
  ignore line: [COLLECT_GCC=/usr/local/Cellar/gcc/13.2.0/bin/gcc-13]
  ignore line: [Target: x86_64-apple-darwin21]
  ignore line: [Configured with: ../configure --prefix=/usr/local/opt/gcc --libdir=/usr/local/opt/gcc/lib/gcc/current --disable-nls --enable-checking=release --with-gcc-major-version-only --enable-languages=c c++ objc obj-c++ fortran --program-suffix=-13 --with-gmp=/usr/local/opt/gmp --with-mpfr=/usr/local/opt/mpfr --with-mpc=/usr/local/opt/libmpc --with-isl=/usr/local/opt/isl --with-zstd=/usr/local/opt/zstd --with-pkgversion='Homebrew GCC 13.2.0' --with-bugurl=https://github.com/Homebrew/homebrew-core/issues --with-system-zlib --build=x86_64-apple-darwin21 --with-sysroot=/Library/Developer/CommandLineTools/SDKs/MacOSX12.sdk]
  ignore line: [Thread model: posix]
  ignore line: [Supported LTO compression algorithms: zlib zstd]
  ignore line: [gcc version 13.2.0 (Homebrew GCC 13.2.0) ]
  ignore line: [COLLECT_GCC_OPTIONS='-fdiagnostics-color=always' '-isysroot' '/Applications/Xcode.app/Contents/Developer/Platforms/MacOSX.platform/Developer/SDKs/MacOSX13.1.sdk' '-v' '-o' 'CMakeFiles/cmTC_d6e91.dir/CMakeCCompilerABI.c.o' '-c' '-mmacosx-version-min=12.7' '-asm_macosx_version_min=12.7' '-nodefaultexport' '-mtune=core2' '-dumpdir' 'CMakeFiles/cmTC_d6e91.dir/']
  ignore line: [ /usr/local/Cellar/gcc/13.2.0/bin/../libexec/gcc/x86_64-apple-darwin21/13/cc1 -quiet -v -iprefix /usr/local/Cellar/gcc/13.2.0/bin/../lib/gcc/current/gcc/x86_64-apple-darwin21/13/ -D__DYNAMIC__ -isysroot /Applications/Xcode.app/Contents/Developer/Platforms/MacOSX.platform/Developer/SDKs/MacOSX13.1.sdk /Users/miguellopez/Applications/CLion.app/Contents/bin/cmake/mac/share/cmake-3.25/Modules/CMakeCCompilerABI.c -fPIC -quiet -dumpdir CMakeFiles/cmTC_d6e91.dir/ -dumpbase CMakeCCompilerABI.c.c -dumpbase-ext .c -mmacosx-version-min=12.7 -mtune=core2 -version -fdiagnostics-color=always -o /var/folders/yw/sypy09z15nd8bnxtzd443tcc0000gn/T//ccMSyoEz.s]
  ignore line: [GNU C17 (Homebrew GCC 13.2.0) version 13.2.0 (x86_64-apple-darwin21)]
  ignore line: [	compiled by GNU C version 13.2.0  GMP version 6.2.1  MPFR version 4.2.0-p12  MPC version 1.3.1  isl version isl-0.26-GMP]
  ignore line: []
  ignore line: [GGC heuristics: --param ggc-min-expand=100 --param ggc-min-heapsize=131072]
  ignore line: [ignoring nonexistent directory "/usr/local/Cellar/gcc/13.2.0/bin/../lib/gcc/current/gcc/x86_64-apple-darwin21/13/../../../../../../x86_64-apple-darwin21/include"]
  ignore line: [ignoring duplicate directory "/usr/local/Cellar/gcc/13.2.0/bin/../lib/gcc/current/gcc/../../../../lib/gcc/current/gcc/x86_64-apple-darwin21/13/include"]
  ignore line: [ignoring nonexistent directory "/Applications/Xcode.app/Contents/Developer/Platforms/MacOSX.platform/Developer/SDKs/MacOSX13.1.sdk/usr/local/include"]
  ignore line: [ignoring duplicate directory "/usr/local/Cellar/gcc/13.2.0/bin/../lib/gcc/current/gcc/../../../../lib/gcc/current/gcc/x86_64-apple-darwin21/13/include-fixed"]
  ignore line: [ignoring nonexistent directory "/usr/local/Cellar/gcc/13.2.0/bin/../lib/gcc/current/gcc/../../../../lib/gcc/current/gcc/x86_64-apple-darwin21/13/../../../../../../x86_64-apple-darwin21/include"]
  ignore line: [ignoring nonexistent directory "/Applications/Xcode.app/Contents/Developer/Platforms/MacOSX.platform/Developer/SDKs/MacOSX13.1.sdk/Library/Frameworks"]
  ignore line: [#include "..." search starts here:]
  ignore line: [#include <...> search starts here:]
  ignore line: [ /usr/local/Cellar/gcc/13.2.0/bin/../lib/gcc/current/gcc/x86_64-apple-darwin21/13/include]
  ignore line: [ /usr/local/Cellar/gcc/13.2.0/bin/../lib/gcc/current/gcc/x86_64-apple-darwin21/13/include-fixed]
  ignore line: [ /Applications/Xcode.app/Contents/Developer/Platforms/MacOSX.platform/Developer/SDKs/MacOSX13.1.sdk/usr/include]
  ignore line: [ /Applications/Xcode.app/Contents/Developer/Platforms/MacOSX.platform/Developer/SDKs/MacOSX13.1.sdk/System/Library/Frameworks]
  ignore line: [End of search list.]
  ignore line: [Compiler executable checksum: b5dd8975280dadeaaf579a9e57b341fa]
  ignore line: [COLLECT_GCC_OPTIONS='-fdiagnostics-color=always' '-isysroot' '/Applications/Xcode.app/Contents/Developer/Platforms/MacOSX.platform/Developer/SDKs/MacOSX13.1.sdk' '-v' '-o' 'CMakeFiles/cmTC_d6e91.dir/CMakeCCompilerABI.c.o' '-c' '-mmacosx-version-min=12.7'  '-nodefaultexport' '-mtune=core2' '-dumpdir' 'CMakeFiles/cmTC_d6e91.dir/']
  ignore line: [ as -arch x86_64 -v -mmacosx-version-min=12.7 -mllvm -x86-pad-for-align=false -force_cpusubtype_ALL -o CMakeFiles/cmTC_d6e91.dir/CMakeCCompilerABI.c.o /var/folders/yw/sypy09z15nd8bnxtzd443tcc0000gn/T//ccMSyoEz.s]
  ignore line: [Apple clang version 14.0.0 (clang-1400.0.29.202)]
  ignore line: [Target: x86_64-apple-darwin21.6.0]
  ignore line: [Thread model: posix]
  ignore line: [InstalledDir: /Applications/Xcode.app/Contents/Developer/Toolchains/XcodeDefault.xctoolchain/usr/bin]
  ignore line: [ "/Applications/Xcode.app/Contents/Developer/Toolchains/XcodeDefault.xctoolchain/usr/bin/clang" -cc1as -triple x86_64-apple-macosx12.7.0 -filetype obj -main-file-name ccMSyoEz.s -target-cpu penryn -fdebug-compilation-dir=/Users/miguellopez/Desktop/UNIVERSIDAD/Projects/HPC-projects/openMp/cmake-build-openmp/CMakeFiles/CMakeScratch/TryCompile-fbc1jW -dwarf-debug-producer "Apple clang version 14.0.0 (clang-1400.0.29.202)" -dwarf-version=4 -mrelocation-model pic --mrelax-relocations -mllvm -x86-pad-for-align=false -mllvm -disable-aligned-alloc-awareness=1 -o CMakeFiles/cmTC_d6e91.dir/CMakeCCompilerABI.c.o /var/folders/yw/sypy09z15nd8bnxtzd443tcc0000gn/T//ccMSyoEz.s]
  ignore line: [COMPILER_PATH=/usr/local/Cellar/gcc/13.2.0/bin/../libexec/gcc/x86_64-apple-darwin21/13/:/usr/local/Cellar/gcc/13.2.0/bin/../libexec/gcc/]
  ignore line: [LIBRARY_PATH=/usr/local/Cellar/gcc/13.2.0/bin/../lib/gcc/current/gcc/x86_64-apple-darwin21/13/:/usr/local/Cellar/gcc/13.2.0/bin/../lib/gcc/current/gcc/:/usr/local/Cellar/gcc/13.2.0/bin/../lib/gcc/current/gcc/x86_64-apple-darwin21/13/../../../]
  ignore line: [COLLECT_GCC_OPTIONS='-fdiagnostics-color=always' '-isysroot' '/Applications/Xcode.app/Contents/Developer/Platforms/MacOSX.platform/Developer/SDKs/MacOSX13.1.sdk' '-v' '-o' 'CMakeFiles/cmTC_d6e91.dir/CMakeCCompilerABI.c.o' '-c' '-mmacosx-version-min=12.7'  '-nodefaultexport' '-mtune=core2' '-dumpdir' 'CMakeFiles/cmTC_d6e91.dir/CMakeCCompilerABI.c.']
  ignore line: [[2/2] Linking C executable cmTC_d6e91]
  ignore line: [Using built-in specs.]
  ignore line: [COLLECT_GCC=/usr/local/Cellar/gcc/13.2.0/bin/gcc-13]
  ignore line: [COLLECT_LTO_WRAPPER=/usr/local/Cellar/gcc/13.2.0/bin/../libexec/gcc/x86_64-apple-darwin21/13/lto-wrapper]
  ignore line: [Target: x86_64-apple-darwin21]
  ignore line: [Configured with: ../configure --prefix=/usr/local/opt/gcc --libdir=/usr/local/opt/gcc/lib/gcc/current --disable-nls --enable-checking=release --with-gcc-major-version-only --enable-languages=c c++ objc obj-c++ fortran --program-suffix=-13 --with-gmp=/usr/local/opt/gmp --with-mpfr=/usr/local/opt/mpfr --with-mpc=/usr/local/opt/libmpc --with-isl=/usr/local/opt/isl --with-zstd=/usr/local/opt/zstd --with-pkgversion='Homebrew GCC 13.2.0' --with-bugurl=https://github.com/Homebrew/homebrew-core/issues --with-system-zlib --build=x86_64-apple-darwin21 --with-sysroot=/Library/Developer/CommandLineTools/SDKs/MacOSX12.sdk]
  ignore line: [Thread model: posix]
  ignore line: [Supported LTO compression algorithms: zlib zstd]
  ignore line: [gcc version 13.2.0 (Homebrew GCC 13.2.0) ]
  ignore line: [COMPILER_PATH=/usr/local/Cellar/gcc/13.2.0/bin/../libexec/gcc/x86_64-apple-darwin21/13/:/usr/local/Cellar/gcc/13.2.0/bin/../libexec/gcc/]
  ignore line: [LIBRARY_PATH=/usr/local/Cellar/gcc/13.2.0/bin/../lib/gcc/current/gcc/x86_64-apple-darwin21/13/:/usr/local/Cellar/gcc/13.2.0/bin/../lib/gcc/current/gcc/:/usr/local/Cellar/gcc/13.2.0/bin/../lib/gcc/current/gcc/x86_64-apple-darwin21/13/../../../]
  ignore line: [COLLECT_GCC_OPTIONS='-isysroot' '/Applications/Xcode.app/Contents/Developer/Platforms/MacOSX.platform/Developer/SDKs/MacOSX13.1.sdk' '-v' '-o' 'cmTC_d6e91' '-mmacosx-version-min=12.7' '-asm_macosx_version_min=12.7' '-nodefaultexport' '-mtune=core2' '-dumpdir' 'cmTC_d6e91.']
  link line: [ /usr/local/Cellar/gcc/13.2.0/bin/../libexec/gcc/x86_64-apple-darwin21/13/collect2 -dynamic -arch x86_64 -syslibroot /Applications/Xcode.app/Contents/Developer/Platforms/MacOSX.platform/Developer/SDKs/MacOSX13.1.sdk -platform_version macos 12.7 0.0 -o cmTC_d6e91 -L/usr/local/Cellar/gcc/13.2.0/bin/../lib/gcc/current/gcc/x86_64-apple-darwin21/13 -L/usr/local/Cellar/gcc/13.2.0/bin/../lib/gcc/current/gcc -L/usr/local/Cellar/gcc/13.2.0/bin/../lib/gcc/current/gcc/x86_64-apple-darwin21/13/../../.. -search_paths_first -headerpad_max_install_names -v CMakeFiles/cmTC_d6e91.dir/CMakeCCompilerABI.c.o -lemutls_w -lgcc -lSystem -no_compact_unwind -rpath @loader_path -rpath /usr/local/Cellar/gcc/13.2.0/lib/gcc/current/gcc/x86_64-apple-darwin21/13 -rpath /usr/local/Cellar/gcc/13.2.0/lib/gcc/current/gcc -rpath /usr/local/Cellar/gcc/13.2.0/lib/gcc/current]
    arg [/usr/local/Cellar/gcc/13.2.0/bin/../libexec/gcc/x86_64-apple-darwin21/13/collect2] ==> ignore
    arg [-dynamic] ==> ignore
    arg [-arch] ==> ignore
    arg [x86_64] ==> ignore
    arg [-syslibroot] ==> ignore
    arg [/Applications/Xcode.app/Contents/Developer/Platforms/MacOSX.platform/Developer/SDKs/MacOSX13.1.sdk] ==> ignore
    arg [-platform_version] ==> ignore
    arg [macos] ==> ignore
    arg [12.7] ==> ignore
    arg [0.0] ==> ignore
    arg [-o] ==> ignore
    arg [cmTC_d6e91] ==> ignore
    arg [-L/usr/local/Cellar/gcc/13.2.0/bin/../lib/gcc/current/gcc/x86_64-apple-darwin21/13] ==> dir [/usr/local/Cellar/gcc/13.2.0/bin/../lib/gcc/current/gcc/x86_64-apple-darwin21/13]
    arg [-L/usr/local/Cellar/gcc/13.2.0/bin/../lib/gcc/current/gcc] ==> dir [/usr/local/Cellar/gcc/13.2.0/bin/../lib/gcc/current/gcc]
    arg [-L/usr/local/Cellar/gcc/13.2.0/bin/../lib/gcc/current/gcc/x86_64-apple-darwin21/13/../../..] ==> dir [/usr/local/Cellar/gcc/13.2.0/bin/../lib/gcc/current/gcc/x86_64-apple-darwin21/13/../../..]
    arg [-search_paths_first] ==> ignore
    arg [-headerpad_max_install_names] ==> ignore
    arg [-v] ==> ignore
    arg [CMakeFiles/cmTC_d6e91.dir/CMakeCCompilerABI.c.o] ==> ignore
    arg [-lemutls_w] ==> lib [emutls_w]
    arg [-lgcc] ==> lib [gcc]
    arg [-lSystem] ==> lib [System]
    arg [-no_compact_unwind] ==> ignore
    arg [-rpath] ==> ignore
    arg [@loader_path] ==> ignore
    arg [-rpath] ==> ignore
    arg [/usr/local/Cellar/gcc/13.2.0/lib/gcc/current/gcc/x86_64-apple-darwin21/13] ==> ignore
    arg [-rpath] ==> ignore
    arg [/usr/local/Cellar/gcc/13.2.0/lib/gcc/current/gcc] ==> ignore
    arg [-rpath] ==> ignore
    arg [/usr/local/Cellar/gcc/13.2.0/lib/gcc/current] ==> ignore
  Library search paths: [;/usr/local/Cellar/gcc/13.2.0/lib/gcc/current/gcc/x86_64-apple-darwin21/13;/usr/local/Cellar/gcc/13.2.0/lib/gcc/current/gcc;/usr/local/Cellar/gcc/13.2.0/lib/gcc/current;/Applications/Xcode.app/Contents/Developer/Platforms/MacOSX.platform/Developer/SDKs/MacOSX13.1.sdk/usr/lib]
  Framework search paths: [;/Applications/Xcode.app/Contents/Developer/Platforms/MacOSX.platform/Developer/SDKs/MacOSX13.1.sdk/System/Library/Frameworks/]
  remove lib [System]
  collapse library dir [/usr/local/Cellar/gcc/13.2.0/bin/../lib/gcc/current/gcc/x86_64-apple-darwin21/13] ==> [/usr/local/Cellar/gcc/13.2.0/lib/gcc/current/gcc/x86_64-apple-darwin21/13]
  collapse library dir [/usr/local/Cellar/gcc/13.2.0/bin/../lib/gcc/current/gcc] ==> [/usr/local/Cellar/gcc/13.2.0/lib/gcc/current/gcc]
  collapse library dir [/usr/local/Cellar/gcc/13.2.0/bin/../lib/gcc/current/gcc/x86_64-apple-darwin21/13/../../..] ==> [/usr/local/Cellar/gcc/13.2.0/lib/gcc/current]
  collapse library dir [/usr/local/Cellar/gcc/13.2.0/lib/gcc/current/gcc/x86_64-apple-darwin21/13] ==> [/usr/local/Cellar/gcc/13.2.0/lib/gcc/current/gcc/x86_64-apple-darwin21/13]
  collapse library dir [/usr/local/Cellar/gcc/13.2.0/lib/gcc/current/gcc] ==> [/usr/local/Cellar/gcc/13.2.0/lib/gcc/current/gcc]
  collapse library dir [/usr/local/Cellar/gcc/13.2.0/lib/gcc/current] ==> [/usr/local/Cellar/gcc/13.2.0/lib/gcc/current]
  collapse library dir [/Applications/Xcode.app/Contents/Developer/Platforms/MacOSX.platform/Developer/SDKs/MacOSX13.1.sdk/usr/lib] ==> [/Applications/Xcode.app/Contents/Developer/Platforms/MacOSX.platform/Developer/SDKs/MacOSX13.1.sdk/usr/lib]
  collapse framework dir [/Applications/Xcode.app/Contents/Developer/Platforms/MacOSX.platform/Developer/SDKs/MacOSX13.1.sdk/System/Library/Frameworks/] ==> [/Applications/Xcode.app/Contents/Developer/Platforms/MacOSX.platform/Developer/SDKs/MacOSX13.1.sdk/System/Library/Frameworks]
  implicit libs: [emutls_w;gcc]
  implicit objs: []
  implicit dirs: [/usr/local/Cellar/gcc/13.2.0/lib/gcc/current/gcc/x86_64-apple-darwin21/13;/usr/local/Cellar/gcc/13.2.0/lib/gcc/current/gcc;/usr/local/Cellar/gcc/13.2.0/lib/gcc/current;/Applications/Xcode.app/Contents/Developer/Platforms/MacOSX.platform/Developer/SDKs/MacOSX13.1.sdk/usr/lib]
  implicit fwks: [/Applications/Xcode.app/Contents/Developer/Platforms/MacOSX.platform/Developer/SDKs/MacOSX13.1.sdk/System/Library/Frameworks]


Detecting C OpenMP compiler ABI info compiled with the following output:
Change Dir: /Users/miguellopez/Desktop/UNIVERSIDAD/Projects/HPC-projects/openMp/cmake-build-openmp/CMakeFiles/CMakeScratch/TryCompile-slN6IP

Run Build Command(s):/Users/miguellopez/Applications/CLion.app/Contents/bin/ninja/mac/ninja cmTC_40416 && [1/2] Building C object CMakeFiles/cmTC_40416.dir/OpenMPTryFlag.c.o
Using built-in specs.
COLLECT_GCC=/usr/local/Cellar/gcc/13.2.0/bin/gcc-13
Target: x86_64-apple-darwin21
Configured with: ../configure --prefix=/usr/local/opt/gcc --libdir=/usr/local/opt/gcc/lib/gcc/current --disable-nls --enable-checking=release --with-gcc-major-version-only --enable-languages=c,c++,objc,obj-c++,fortran --program-suffix=-13 --with-gmp=/usr/local/opt/gmp --with-mpfr=/usr/local/opt/mpfr --with-mpc=/usr/local/opt/libmpc --with-isl=/usr/local/opt/isl --with-zstd=/usr/local/opt/zstd --with-pkgversion='Homebrew GCC 13.2.0' --with-bugurl=https://github.com/Homebrew/homebrew-core/issues --with-system-zlib --build=x86_64-apple-darwin21 --with-sysroot=/Library/Developer/CommandLineTools/SDKs/MacOSX12.sdk
Thread model: posix
Supported LTO compression algorithms: zlib zstd
gcc version 13.2.0 (Homebrew GCC 13.2.0) 
COLLECT_GCC_OPTIONS='-fdiagnostics-color=always' '-fopenmp' '-v' '-isysroot' '/Applications/Xcode.app/Contents/Developer/Platforms/MacOSX.platform/Developer/SDKs/MacOSX13.1.sdk' '-o' 'CMakeFiles/cmTC_40416.dir/OpenMPTryFlag.c.o' '-c' '-mmacosx-version-min=12.7' '-asm_macosx_version_min=12.7' '-nodefaultexport' '-mtune=core2' '-dumpdir' 'CMakeFiles/cmTC_40416.dir/'
 /usr/local/Cellar/gcc/13.2.0/bin/../libexec/gcc/x86_64-apple-darwin21/13/cc1 -quiet -v -iprefix /usr/local/Cellar/gcc/13.2.0/bin/../lib/gcc/current/gcc/x86_64-apple-darwin21/13/ -D__DYNAMIC__ -isysroot /Applications/Xcode.app/Contents/Developer/Platforms/MacOSX.platform/Developer/SDKs/MacOSX13.1.sdk /Users/miguellopez/Desktop/UNIVERSIDAD/Projects/HPC-projects/openMp/cmake-build-openmp/CMakeFiles/CMakeScratch/TryCompile-slN6IP/OpenMPTryFlag.c -fPIC -quiet -dumpdir CMakeFiles/cmTC_40416.dir/ -dumpbase OpenMPTryFlag.c.c -dumpbase-ext .c -mmacosx-version-min=12.7 -mtune=core2 -version -fdiagnostics-color=always -fopenmp -o /var/folders/yw/sypy09z15nd8bnxtzd443tcc0000gn/T//ccwOvvaC.s
GNU C17 (Homebrew GCC 13.2.0) version 13.2.0 (x86_64-apple-darwin21)
	compiled by GNU C version 13.2.0, GMP version 6.2.1, MPFR version 4.2.0-p12, MPC version 1.3.1, isl version isl-0.26-GMP

GGC heuristics: --param ggc-min-expand=100 --param ggc-min-heapsize=131072
ignoring nonexistent directory "/usr/local/Cellar/gcc/13.2.0/bin/../lib/gcc/current/gcc/x86_64-apple-darwin21/13/../../../../../../x86_64-apple-darwin21/include"
ignoring duplicate directory "/usr/local/Cellar/gcc/13.2.0/bin/../lib/gcc/current/gcc/../../../../lib/gcc/current/gcc/x86_64-apple-darwin21/13/include"
ignoring nonexistent directory "/Applications/Xcode.app/Contents/Developer/Platforms/MacOSX.platform/Developer/SDKs/MacOSX13.1.sdk/usr/local/include"
ignoring duplicate directory "/usr/local/Cellar/gcc/13.2.0/bin/../lib/gcc/current/gcc/../../../../lib/gcc/current/gcc/x86_64-apple-darwin21/13/include-fixed"
ignoring nonexistent directory "/usr/local/Cellar/gcc/13.2.0/bin/../lib/gcc/current/gcc/../../../../lib/gcc/current/gcc/x86_64-apple-darwin21/13/../../../../../../x86_64-apple-darwin21/include"
ignoring nonexistent directory "/Applications/Xcode.app/Contents/Developer/Platforms/MacOSX.platform/Developer/SDKs/MacOSX13.1.sdk/Library/Frameworks"
#include "..." search starts here:
#include <...> search starts here:
 /usr/local/Cellar/gcc/13.2.0/bin/../lib/gcc/current/gcc/x86_64-apple-darwin21/13/include
 /usr/local/Cellar/gcc/13.2.0/bin/../lib/gcc/current/gcc/x86_64-apple-darwin21/13/include-fixed
 /Applications/Xcode.app/Contents/Developer/Platforms/MacOSX.platform/Developer/SDKs/MacOSX13.1.sdk/usr/include
 /Applications/Xcode.app/Contents/Developer/Platforms/MacOSX.platform/Developer/SDKs/MacOSX13.1.sdk/System/Library/Frameworks
End of search list.
Compiler executable checksum: b5dd8975280dadeaaf579a9e57b341fa
COLLECT_GCC_OPTIONS='-fdiagnostics-color=always' '-fopenmp' '-v' '-isysroot' '/Applications/Xcode.app/Contents/Developer/Platforms/MacOSX.platform/Developer/SDKs/MacOSX13.1.sdk' '-o' 'CMakeFiles/cmTC_40416.dir/OpenMPTryFlag.c.o' '-c' '-mmacosx-version-min=12.7'  '-nodefaultexport' '-mtune=core2' '-dumpdir' 'CMakeFiles/cmTC_40416.dir/'
 as -arch x86_64 -v -mmacosx-version-min=12.7 -mllvm -x86-pad-for-align=false -force_cpusubtype_ALL -o CMakeFiles/cmTC_40416.dir/OpenMPTryFlag.c.o /var/folders/yw/sypy09z15nd8bnxtzd443tcc0000gn/T//ccwOvvaC.s
Apple clang version 14.0.0 (clang-1400.0.29.202)
Target: x86_64-apple-darwin21.6.0
Thread model: posix
InstalledDir: /Applications/Xcode.app/Contents/Developer/Toolchains/XcodeDefault.xctoolchain/usr/bin
 "/Applications/Xcode.app/Contents/Developer/Toolchains/XcodeDefault.xctoolchain/usr/bin/clang" -cc1as -triple x86_64-apple-macosx12.7.0 -filetype obj -main-file-name ccwOvvaC.s -target-cpu penryn -fdebug-compilation-dir=/Users/miguellopez/Desktop/UNIVERSIDAD/Projects/HPC-projects/openMp/cmake-build-openmp/CMakeFiles/CMakeScratch/TryCompile-slN6IP -dwarf-debug-producer "Apple clang version 14.0.0 (clang-1400.0.29.202)" -dwarf-version=4 -mrelocation-model pic --mrelax-relocations -mllvm -x86-pad-for-align=false -mllvm -disable-aligned-alloc-awareness=1 -o CMakeFiles/cmTC_40416.dir/OpenMPTryFlag.c.o /var/folders/yw/sypy09z15nd8bnxtzd443tcc0000gn/T//ccwOvvaC.s
COMPILER_PATH=/usr/local/Cellar/gcc/13.2.0/bin/../libexec/gcc/x86_64-apple-darwin21/13/:/usr/local/Cellar/gcc/13.2.0/bin/../libexec/gcc/
LIBRARY_PATH=/usr/local/Cellar/gcc/13.2.0/bin/../lib/gcc/current/gcc/x86_64-apple-darwin21/13/:/usr/local/Cellar/gcc/13.2.0/bin/../lib/gcc/current/gcc/:/usr/local/Cellar/gcc/13.2.0/bin/../lib/gcc/current/gcc/x86_64-apple-darwin21/13/../../../
COLLECT_GCC_OPTIONS='-fdiagnostics-color=always' '-fopenmp' '-v' '-isysroot' '/Applications/Xcode.app/Contents/Developer/Platforms/MacOSX.platform/Developer/SDKs/MacOSX13.1.sdk' '-o' 'CMakeFiles/cmTC_40416.dir/OpenMPTryFlag.c.o' '-c' '-mmacosx-version-min=12.7'  '-nodefaultexport' '-mtune=core2' '-dumpdir' 'CMakeFiles/cmTC_40416.dir/OpenMPTryFlag.c.'
[2/2] Linking C executable cmTC_40416
Using built-in specs.
COLLECT_GCC=/usr/local/Cellar/gcc/13.2.0/bin/gcc-13
COLLECT_LTO_WRAPPER=/usr/local/Cellar/gcc/13.2.0/bin/../libexec/gcc/x86_64-apple-darwin21/13/lto-wrapper
Target: x86_64-apple-darwin21
Configured with: ../configure --prefix=/usr/local/opt/gcc --libdir=/usr/local/opt/gcc/lib/gcc/current --disable-nls --enable-checking=release --with-gcc-major-version-only --enable-languages=c,c++,objc,obj-c++,fortran --program-suffix=-13 --with-gmp=/usr/local/opt/gmp --with-mpfr=/usr/local/opt/mpfr --with-mpc=/usr/local/opt/libmpc --with-isl=/usr/local/opt/isl --with-zstd=/usr/local/opt/zstd --with-pkgversion='Homebrew GCC 13.2.0' --with-bugurl=https://github.com/Homebrew/homebrew-core/issues --with-system-zlib --build=x86_64-apple-darwin21 --with-sysroot=/Library/Developer/CommandLineTools/SDKs/MacOSX12.sdk
Thread model: posix
Supported LTO compression algorithms: zlib zstd
gcc version 13.2.0 (Homebrew GCC 13.2.0) 
COMPILER_PATH=/usr/local/Cellar/gcc/13.2.0/bin/../libexec/gcc/x86_64-apple-darwin21/13/:/usr/local/Cellar/gcc/13.2.0/bin/../libexec/gcc/
LIBRARY_PATH=/usr/local/Cellar/gcc/13.2.0/bin/../lib/gcc/current/gcc/x86_64-apple-darwin21/13/:/usr/local/Cellar/gcc/13.2.0/bin/../lib/gcc/current/gcc/:/usr/local/Cellar/gcc/13.2.0/bin/../lib/gcc/current/gcc/x86_64-apple-darwin21/13/../../../
COLLECT_GCC_OPTIONS='-fopenmp' '-v' '-isysroot' '/Applications/Xcode.app/Contents/Developer/Platforms/MacOSX.platform/Developer/SDKs/MacOSX13.1.sdk' '-o' 'cmTC_40416' '-v' '-mmacosx-version-min=12.7' '-asm_macosx_version_min=12.7' '-nodefaultexport' '-mtune=core2' '-dumpdir' 'cmTC_40416.'
 /usr/local/Cellar/gcc/13.2.0/bin/../libexec/gcc/x86_64-apple-darwin21/13/collect2 -dynamic -arch x86_64 -syslibroot /Applications/Xcode.app/Contents/Developer/Platforms/MacOSX.platform/Developer/SDKs/MacOSX13.1.sdk -platform_version macos 12.7 0.0 -o cmTC_40416 -L/usr/local/Cellar/gcc/13.2.0/bin/../lib/gcc/current/gcc/x86_64-apple-darwin21/13 -L/usr/local/Cellar/gcc/13.2.0/bin/../lib/gcc/current/gcc -L/usr/local/Cellar/gcc/13.2.0/bin/../lib/gcc/current/gcc/x86_64-apple-darwin21/13/../../.. -search_paths_first -headerpad_max_install_names CMakeFiles/cmTC_40416.dir/OpenMPTryFlag.c.o -v -lgomp -lemutls_w -lgcc -lSystem -no_compact_unwind -rpath @loader_path -rpath /usr/local/Cellar/gcc/13.2.0/lib/gcc/current/gcc/x86_64-apple-darwin21/13 -rpath /usr/local/Cellar/gcc/13.2.0/lib/gcc/current/gcc -rpath /usr/local/Cellar/gcc/13.2.0/lib/gcc/current
collect2 version 13.2.0
/usr/bin/ld -dynamic -arch x86_64 -syslibroot /Applications/Xcode.app/Contents/Developer/Platforms/MacOSX.platform/Developer/SDKs/MacOSX13.1.sdk -platform_version macos 12.7 0.0 -o cmTC_40416 -L/usr/local/Cellar/gcc/13.2.0/bin/../lib/gcc/current/gcc/x86_64-apple-darwin21/13 -L/usr/local/Cellar/gcc/13.2.0/bin/../lib/gcc/current/gcc -L/usr/local/Cellar/gcc/13.2.0/bin/../lib/gcc/current/gcc/x86_64-apple-darwin21/13/../../.. -search_paths_first -headerpad_max_install_names CMakeFiles/cmTC_40416.dir/OpenMPTryFlag.c.o -v -lgomp -lemutls_w -lgcc -lSystem -no_compact_unwind -rpath @loader_path -rpath /usr/local/Cellar/gcc/13.2.0/lib/gcc/current/gcc/x86_64-apple-darwin21/13 -rpath /usr/local/Cellar/gcc/13.2.0/lib/gcc/current/gcc -rpath /usr/local/Cellar/gcc/13.2.0/lib/gcc/current
@(#)PROGRAM:ld  PROJECT:ld64-820.1
BUILD 20:07:01 Nov  7 2022
configured to support archs: armv6 armv7 armv7s arm64 arm64e arm64_32 i386 x86_64 x86_64h armv6m armv7k armv7m armv7em
Library search paths:
	/usr/local/Cellar/gcc/13.2.0/lib/gcc/current/gcc/x86_64-apple-darwin21/13
	/usr/local/Cellar/gcc/13.2.0/lib/gcc/current/gcc
	/usr/local/Cellar/gcc/13.2.0/lib/gcc/current
	/Applications/Xcode.app/Contents/Developer/Platforms/MacOSX.platform/Developer/SDKs/MacOSX13.1.sdk/usr/lib
Framework search paths:
	/Applications/Xcode.app/Contents/Developer/Platforms/MacOSX.platform/Developer/SDKs/MacOSX13.1.sdk/System/Library/Frameworks/



Parsed C OpenMP implicit link information from above output:
  link line regex: [^( *|.*[/\])(ld|CMAKE_LINK_STARTFILE-NOTFOUND|([^/\]+-)?ld|collect2)[^/\]*( |$)]
  ignore line: [Change Dir: /Users/miguellopez/Desktop/UNIVERSIDAD/Projects/HPC-projects/openMp/cmake-build-openmp/CMakeFiles/CMakeScratch/TryCompile-slN6IP]
  ignore line: []
  ignore line: [Run Build Command(s):/Users/miguellopez/Applications/CLion.app/Contents/bin/ninja/mac/ninja cmTC_40416 && [1/2] Building C object CMakeFiles/cmTC_40416.dir/OpenMPTryFlag.c.o]
  ignore line: [Using built-in specs.]
  ignore line: [COLLECT_GCC=/usr/local/Cellar/gcc/13.2.0/bin/gcc-13]
  ignore line: [Target: x86_64-apple-darwin21]
  ignore line: [Configured with: ../configure --prefix=/usr/local/opt/gcc --libdir=/usr/local/opt/gcc/lib/gcc/current --disable-nls --enable-checking=release --with-gcc-major-version-only --enable-languages=c c++ objc obj-c++ fortran --program-suffix=-13 --with-gmp=/usr/local/opt/gmp --with-mpfr=/usr/local/opt/mpfr --with-mpc=/usr/local/opt/libmpc --with-isl=/usr/local/opt/isl --with-zstd=/usr/local/opt/zstd --with-pkgversion='Homebrew GCC 13.2.0' --with-bugurl=https://github.com/Homebrew/homebrew-core/issues --with-system-zlib --build=x86_64-apple-darwin21 --with-sysroot=/Library/Developer/CommandLineTools/SDKs/MacOSX12.sdk]
  ignore line: [Thread model: posix]
  ignore line: [Supported LTO compression algorithms: zlib zstd]
  ignore line: [gcc version 13.2.0 (Homebrew GCC 13.2.0) ]
  ignore line: [COLLECT_GCC_OPTIONS='-fdiagnostics-color=always' '-fopenmp' '-v' '-isysroot' '/Applications/Xcode.app/Contents/Developer/Platforms/MacOSX.platform/Developer/SDKs/MacOSX13.1.sdk' '-o' 'CMakeFiles/cmTC_40416.dir/OpenMPTryFlag.c.o' '-c' '-mmacosx-version-min=12.7' '-asm_macosx_version_min=12.7' '-nodefaultexport' '-mtune=core2' '-dumpdir' 'CMakeFiles/cmTC_40416.dir/']
  ignore line: [ /usr/local/Cellar/gcc/13.2.0/bin/../libexec/gcc/x86_64-apple-darwin21/13/cc1 -quiet -v -iprefix /usr/local/Cellar/gcc/13.2.0/bin/../lib/gcc/current/gcc/x86_64-apple-darwin21/13/ -D__DYNAMIC__ -isysroot /Applications/Xcode.app/Contents/Developer/Platforms/MacOSX.platform/Developer/SDKs/MacOSX13.1.sdk /Users/miguellopez/Desktop/UNIVERSIDAD/Projects/HPC-projects/openMp/cmake-build-openmp/CMakeFiles/CMakeScratch/TryCompile-slN6IP/OpenMPTryFlag.c -fPIC -quiet -dumpdir CMakeFiles/cmTC_40416.dir/ -dumpbase OpenMPTryFlag.c.c -dumpbase-ext .c -mmacosx-version-min=12.7 -mtune=core2 -version -fdiagnostics-color=always -fopenmp -o /var/folders/yw/sypy09z15nd8bnxtzd443tcc0000gn/T//ccwOvvaC.s]
  ignore line: [GNU C17 (Homebrew GCC 13.2.0) version 13.2.0 (x86_64-apple-darwin21)]
  ignore line: [	compiled by GNU C version 13.2.0  GMP version 6.2.1  MPFR version 4.2.0-p12  MPC version 1.3.1  isl version isl-0.26-GMP]
  ignore line: []
  ignore line: [GGC heuristics: --param ggc-min-expand=100 --param ggc-min-heapsize=131072]
  ignore line: [ignoring nonexistent directory "/usr/local/Cellar/gcc/13.2.0/bin/../lib/gcc/current/gcc/x86_64-apple-darwin21/13/../../../../../../x86_64-apple-darwin21/include"]
  ignore line: [ignoring duplicate directory "/usr/local/Cellar/gcc/13.2.0/bin/../lib/gcc/current/gcc/../../../../lib/gcc/current/gcc/x86_64-apple-darwin21/13/include"]
  ignore line: [ignoring nonexistent directory "/Applications/Xcode.app/Contents/Developer/Platforms/MacOSX.platform/Developer/SDKs/MacOSX13.1.sdk/usr/local/include"]
  ignore line: [ignoring duplicate directory "/usr/local/Cellar/gcc/13.2.0/bin/../lib/gcc/current/gcc/../../../../lib/gcc/current/gcc/x86_64-apple-darwin21/13/include-fixed"]
  ignore line: [ignoring nonexistent directory "/usr/local/Cellar/gcc/13.2.0/bin/../lib/gcc/current/gcc/../../../../lib/gcc/current/gcc/x86_64-apple-darwin21/13/../../../../../../x86_64-apple-darwin21/include"]
  ignore line: [ignoring nonexistent directory "/Applications/Xcode.app/Contents/Developer/Platforms/MacOSX.platform/Developer/SDKs/MacOSX13.1.sdk/Library/Frameworks"]
  ignore line: [#include "..." search starts here:]
  ignore line: [#include <...> search starts here:]
  ignore line: [ /usr/local/Cellar/gcc/13.2.0/bin/../lib/gcc/current/gcc/x86_64-apple-darwin21/13/include]
  ignore line: [ /usr/local/Cellar/gcc/13.2.0/bin/../lib/gcc/current/gcc/x86_64-apple-darwin21/13/include-fixed]
  ignore line: [ /Applications/Xcode.app/Contents/Developer/Platforms/MacOSX.platform/Developer/SDKs/MacOSX13.1.sdk/usr/include]
  ignore line: [ /Applications/Xcode.app/Contents/Developer/Platforms/MacOSX.platform/Developer/SDKs/MacOSX13.1.sdk/System/Library/Frameworks]
  ignore line: [End of search list.]
  ignore line: [Compiler executable checksum: b5dd8975280dadeaaf579a9e57b341fa]
  ignore line: [COLLECT_GCC_OPTIONS='-fdiagnostics-color=always' '-fopenmp' '-v' '-isysroot' '/Applications/Xcode.app/Contents/Developer/Platforms/MacOSX.platform/Developer/SDKs/MacOSX13.1.sdk' '-o' 'CMakeFiles/cmTC_40416.dir/OpenMPTryFlag.c.o' '-c' '-mmacosx-version-min=12.7'  '-nodefaultexport' '-mtune=core2' '-dumpdir' 'CMakeFiles/cmTC_40416.dir/']
  ignore line: [ as -arch x86_64 -v -mmacosx-version-min=12.7 -mllvm -x86-pad-for-align=false -force_cpusubtype_ALL -o CMakeFiles/cmTC_40416.dir/OpenMPTryFlag.c.o /var/folders/yw/sypy09z15nd8bnxtzd443tcc0000gn/T//ccwOvvaC.s]
  ignore line: [Apple clang version 14.0.0 (clang-1400.0.29.202)]
  ignore line: [Target: x86_64-apple-darwin21.6.0]
  ignore line: [Thread model: posix]
  ignore line: [InstalledDir: /Applications/Xcode.app/Contents/Developer/Toolchains/XcodeDefault.xctoolchain/usr/bin]
  ignore line: [ "/Applications/Xcode.app/Contents/Developer/Toolchains/XcodeDefault.xctoolchain/usr/bin/clang" -cc1as -triple x86_64-apple-macosx12.7.0 -filetype obj -main-file-name ccwOvvaC.s -target-cpu penryn -fdebug-compilation-dir=/Users/miguellopez/Desktop/UNIVERSIDAD/Projects/HPC-projects/openMp/cmake-build-openmp/CMakeFiles/CMakeScratch/TryCompile-slN6IP -dwarf-debug-producer "Apple clang version 14.0.0 (clang-1400.0.29.202)" -dwarf-version=4 -mrelocation-model pic --mrelax-relocations -mllvm -x86-pad-for-align=false -mllvm -disable-aligned-alloc-awareness=1 -o CMakeFiles/cmTC_40416.dir/OpenMPTryFlag.c.o /var/folders/yw/sypy09z15nd8bnxtzd443tcc0000gn/T//ccwOvvaC.s]
  ignore line: [COMPILER_PATH=/usr/local/Cellar/gcc/13.2.0/bin/../libexec/gcc/x86_64-apple-darwin21/13/:/usr/local/Cellar/gcc/13.2.0/bin/../libexec/gcc/]
  ignore line: [LIBRARY_PATH=/usr/local/Cellar/gcc/13.2.0/bin/../lib/gcc/current/gcc/x86_64-apple-darwin21/13/:/usr/local/Cellar/gcc/13.2.0/bin/../lib/gcc/current/gcc/:/usr/local/Cellar/gcc/13.2.0/bin/../lib/gcc/current/gcc/x86_64-apple-darwin21/13/../../../]
  ignore line: [COLLECT_GCC_OPTIONS='-fdiagnostics-color=always' '-fopenmp' '-v' '-isysroot' '/Applications/Xcode.app/Contents/Developer/Platforms/MacOSX.platform/Developer/SDKs/MacOSX13.1.sdk' '-o' 'CMakeFiles/cmTC_40416.dir/OpenMPTryFlag.c.o' '-c' '-mmacosx-version-min=12.7'  '-nodefaultexport' '-mtune=core2' '-dumpdir' 'CMakeFiles/cmTC_40416.dir/OpenMPTryFlag.c.']
  ignore line: [[2/2] Linking C executable cmTC_40416]
  ignore line: [Using built-in specs.]
  ignore line: [COLLECT_GCC=/usr/local/Cellar/gcc/13.2.0/bin/gcc-13]
  ignore line: [COLLECT_LTO_WRAPPER=/usr/local/Cellar/gcc/13.2.0/bin/../libexec/gcc/x86_64-apple-darwin21/13/lto-wrapper]
  ignore line: [Target: x86_64-apple-darwin21]
  ignore line: [Configured with: ../configure --prefix=/usr/local/opt/gcc --libdir=/usr/local/opt/gcc/lib/gcc/current --disable-nls --enable-checking=release --with-gcc-major-version-only --enable-languages=c c++ objc obj-c++ fortran --program-suffix=-13 --with-gmp=/usr/local/opt/gmp --with-mpfr=/usr/local/opt/mpfr --with-mpc=/usr/local/opt/libmpc --with-isl=/usr/local/opt/isl --with-zstd=/usr/local/opt/zstd --with-pkgversion='Homebrew GCC 13.2.0' --with-bugurl=https://github.com/Homebrew/homebrew-core/issues --with-system-zlib --build=x86_64-apple-darwin21 --with-sysroot=/Library/Developer/CommandLineTools/SDKs/MacOSX12.sdk]
  ignore line: [Thread model: posix]
  ignore line: [Supported LTO compression algorithms: zlib zstd]
  ignore line: [gcc version 13.2.0 (Homebrew GCC 13.2.0) ]
  ignore line: [COMPILER_PATH=/usr/local/Cellar/gcc/13.2.0/bin/../libexec/gcc/x86_64-apple-darwin21/13/:/usr/local/Cellar/gcc/13.2.0/bin/../libexec/gcc/]
  ignore line: [LIBRARY_PATH=/usr/local/Cellar/gcc/13.2.0/bin/../lib/gcc/current/gcc/x86_64-apple-darwin21/13/:/usr/local/Cellar/gcc/13.2.0/bin/../lib/gcc/current/gcc/:/usr/local/Cellar/gcc/13.2.0/bin/../lib/gcc/current/gcc/x86_64-apple-darwin21/13/../../../]
  ignore line: [COLLECT_GCC_OPTIONS='-fopenmp' '-v' '-isysroot' '/Applications/Xcode.app/Contents/Developer/Platforms/MacOSX.platform/Developer/SDKs/MacOSX13.1.sdk' '-o' 'cmTC_40416' '-v' '-mmacosx-version-min=12.7' '-asm_macosx_version_min=12.7' '-nodefaultexport' '-mtune=core2' '-dumpdir' 'cmTC_40416.']
  link line: [ /usr/local/Cellar/gcc/13.2.0/bin/../libexec/gcc/x86_64-apple-darwin21/13/collect2 -dynamic -arch x86_64 -syslibroot /Applications/Xcode.app/Contents/Developer/Platforms/MacOSX.platform/Developer/SDKs/MacOSX13.1.sdk -platform_version macos 12.7 0.0 -o cmTC_40416 -L/usr/local/Cellar/gcc/13.2.0/bin/../lib/gcc/current/gcc/x86_64-apple-darwin21/13 -L/usr/local/Cellar/gcc/13.2.0/bin/../lib/gcc/current/gcc -L/usr/local/Cellar/gcc/13.2.0/bin/../lib/gcc/current/gcc/x86_64-apple-darwin21/13/../../.. -search_paths_first -headerpad_max_install_names CMakeFiles/cmTC_40416.dir/OpenMPTryFlag.c.o -v -lgomp -lemutls_w -lgcc -lSystem -no_compact_unwind -rpath @loader_path -rpath /usr/local/Cellar/gcc/13.2.0/lib/gcc/current/gcc/x86_64-apple-darwin21/13 -rpath /usr/local/Cellar/gcc/13.2.0/lib/gcc/current/gcc -rpath /usr/local/Cellar/gcc/13.2.0/lib/gcc/current]
    arg [/usr/local/Cellar/gcc/13.2.0/bin/../libexec/gcc/x86_64-apple-darwin21/13/collect2] ==> ignore
    arg [-dynamic] ==> ignore
    arg [-arch] ==> ignore
    arg [x86_64] ==> ignore
    arg [-syslibroot] ==> ignore
    arg [/Applications/Xcode.app/Contents/Developer/Platforms/MacOSX.platform/Developer/SDKs/MacOSX13.1.sdk] ==> ignore
    arg [-platform_version] ==> ignore
    arg [macos] ==> ignore
    arg [12.7] ==> ignore
    arg [0.0] ==> ignore
    arg [-o] ==> ignore
    arg [cmTC_40416] ==> ignore
    arg [-L/usr/local/Cellar/gcc/13.2.0/bin/../lib/gcc/current/gcc/x86_64-apple-darwin21/13] ==> dir [/usr/local/Cellar/gcc/13.2.0/bin/../lib/gcc/current/gcc/x86_64-apple-darwin21/13]
    arg [-L/usr/local/Cellar/gcc/13.2.0/bin/../lib/gcc/current/gcc] ==> dir [/usr/local/Cellar/gcc/13.2.0/bin/../lib/gcc/current/gcc]
    arg [-L/usr/local/Cellar/gcc/13.2.0/bin/../lib/gcc/current/gcc/x86_64-apple-darwin21/13/../../..] ==> dir [/usr/local/Cellar/gcc/13.2.0/bin/../lib/gcc/current/gcc/x86_64-apple-darwin21/13/../../..]
    arg [-search_paths_first] ==> ignore
    arg [-headerpad_max_install_names] ==> ignore
    arg [CMakeFiles/cmTC_40416.dir/OpenMPTryFlag.c.o] ==> ignore
    arg [-v] ==> ignore
    arg [-lgomp] ==> lib [gomp]
    arg [-lemutls_w] ==> lib [emutls_w]
    arg [-lgcc] ==> lib [gcc]
    arg [-lSystem] ==> lib [System]
    arg [-no_compact_unwind] ==> ignore
    arg [-rpath] ==> ignore
    arg [@loader_path] ==> ignore
    arg [-rpath] ==> ignore
    arg [/usr/local/Cellar/gcc/13.2.0/lib/gcc/current/gcc/x86_64-apple-darwin21/13] ==> ignore
    arg [-rpath] ==> ignore
    arg [/usr/local/Cellar/gcc/13.2.0/lib/gcc/current/gcc] ==> ignore
    arg [-rpath] ==> ignore
    arg [/usr/local/Cellar/gcc/13.2.0/lib/gcc/current] ==> ignore
  Library search paths: [;/usr/local/Cellar/gcc/13.2.0/lib/gcc/current/gcc/x86_64-apple-darwin21/13;/usr/local/Cellar/gcc/13.2.0/lib/gcc/current/gcc;/usr/local/Cellar/gcc/13.2.0/lib/gcc/current;/Applications/Xcode.app/Contents/Developer/Platforms/MacOSX.platform/Developer/SDKs/MacOSX13.1.sdk/usr/lib]
  Framework search paths: [;/Applications/Xcode.app/Contents/Developer/Platforms/MacOSX.platform/Developer/SDKs/MacOSX13.1.sdk/System/Library/Frameworks/]
  remove lib [System]
  collapse library dir [/usr/local/Cellar/gcc/13.2.0/bin/../lib/gcc/current/gcc/x86_64-apple-darwin21/13] ==> [/usr/local/Cellar/gcc/13.2.0/lib/gcc/current/gcc/x86_64-apple-darwin21/13]
  collapse library dir [/usr/local/Cellar/gcc/13.2.0/bin/../lib/gcc/current/gcc] ==> [/usr/local/Cellar/gcc/13.2.0/lib/gcc/current/gcc]
  collapse library dir [/usr/local/Cellar/gcc/13.2.0/bin/../lib/gcc/current/gcc/x86_64-apple-darwin21/13/../../..] ==> [/usr/local/Cellar/gcc/13.2.0/lib/gcc/current]
  collapse library dir [/usr/local/Cellar/gcc/13.2.0/lib/gcc/current/gcc/x86_64-apple-darwin21/13] ==> [/usr/local/Cellar/gcc/13.2.0/lib/gcc/current/gcc/x86_64-apple-darwin21/13]
  collapse library dir [/usr/local/Cellar/gcc/13.2.0/lib/gcc/current/gcc] ==> [/usr/local/Cellar/gcc/13.2.0/lib/gcc/current/gcc]
  collapse library dir [/usr/local/Cellar/gcc/13.2.0/lib/gcc/current] ==> [/usr/local/Cellar/gcc/13.2.0/lib/gcc/current]
  collapse library dir [/Applications/Xcode.app/Contents/Developer/Platforms/MacOSX.platform/Developer/SDKs/MacOSX13.1.sdk/usr/lib] ==> [/Applications/Xcode.app/Contents/Developer/Platforms/MacOSX.platform/Developer/SDKs/MacOSX13.1.sdk/usr/lib]
  collapse framework dir [/Applications/Xcode.app/Contents/Developer/Platforms/MacOSX.platform/Developer/SDKs/MacOSX13.1.sdk/System/Library/Frameworks/] ==> [/Applications/Xcode.app/Contents/Developer/Platforms/MacOSX.platform/Developer/SDKs/MacOSX13.1.sdk/System/Library/Frameworks]
  implicit libs: [gomp;emutls_w;gcc]
  implicit objs: []
  implicit dirs: [/usr/local/Cellar/gcc/13.2.0/lib/gcc/current/gcc/x86_64-apple-darwin21/13;/usr/local/Cellar/gcc/13.2.0/lib/gcc/current/gcc;/usr/local/Cellar/gcc/13.2.0/lib/gcc/current;/Applications/Xcode.app/Contents/Developer/Platforms/MacOSX.platform/Developer/SDKs/MacOSX13.1.sdk/usr/lib]
  implicit fwks: [/Applications/Xcode.app/Contents/Developer/Platforms/MacOSX.platform/Developer/SDKs/MacOSX13.1.sdk/System/Library/Frameworks]


