size: 10(10):0.000007; 
size: 100(100):0.004817; 
size: 200(200):0.038992; 
size: 400(400):0.302798; 
size: 600(600):1.156850; 
size: 800(800):2.907398; 
size: 1000(1000):7.820752; 
size: 2000(2000):67.031292; 
size: 10(10):0.000006; 
size: 100(100):0.004545; 
size: 200(200):0.034232; 
size: 400(400):0.294219; 
size: 600(600):1.097627; 
size: 800(800):3.410539; 
size: 1000(1000):8.438684; 
size: 2000(2000):65.011152; 
size: 10(10):0.000006; 
size: 100(100):0.004330; 
size: 200(200):0.037383; 
size: 400(400):0.295974; 
size: 600(600):1.119828; 
size: 800(800):2.923570; 
size: 1000(1000):7.008108; 
size: 2000(2000):64.772053; 
size: 10(10):0.000006; 
size: 100(100):0.004346; 
size: 200(200):0.036214; 
size: 400(400):0.293739; 
size: 600(600):1.084568; 
size: 800(800):3.402354; 
size: 1000(1000):6.986894; 
size: 2000(2000):64.882875; 
size: 10(10):0.000009; 
size: 100(100):0.004292; 
size: 200(200):0.034743; 
size: 400(400):0.297111; 
size: 600(600):1.103707; 
size: 800(800):2.814522; 
size: 1000(1000):7.555971; 
size: 2000(2000):69.559871; 
size: 10(10):0.000014; 
size: 100(100):0.006240; 
size: 200(200):0.038053; 
size: 400(400):0.354133; 
size: 600(600):1.379566; 
size: 800(800):3.343115; 
size: 1000(1000):8.099767; 
size: 2000(2000):71.285764; 
size: 10(10):0.000015; 
size: 100(100):0.007347; 
size: 200(200):0.036182; 
size: 400(400):0.317349; 
size: 600(600):1.189457; 
size: 800(800):2.993761; 
size: 1000(1000):8.778741; 
size: 2000(2000):68.236533; 
size: 10(10):0.000011; 
size: 100(100):0.004442; 
size: 200(200):0.034661; 
size: 400(400):0.310494; 
size: 600(600):1.123366; 
size: 800(800):2.791090; 
size: 1000(1000):6.943678; 
size: 2000(2000):66.962217; 
size: 10(10):0.000006; 
size: 100(100):0.004416; 
size: 200(200):0.034791; 
size: 400(400):0.318161; 
size: 600(600):1.130822; 
size: 800(800):2.891669; 
size: 1000(1000):6.946989; 
size: 2000(2000):66.589506; 
size: 10(10):0.000007; 
size: 100(100):0.004808; 
size: 200(200):0.035734; 
size: 400(400):0.302778; 
size: 600(600):1.177534; 
size: 800(800):2.900466; 
size: 1000(1000):7.325659; 
size: 2000(2000):67.248030; 
